<?xml version="1.0" encoding="UTF-8"?>
<!-- Generated by org.testng.reporters.JUnitXMLReporter -->
<testsuite hostname="ASDP1760PO02529" ignored="0" name="Default test" tests="2" failures="0" timestamp="26 Jun 2018 11:12:49 GMT" time="10.845" errors="0">
  <testcase name="test1_attempt_login_with_incorrect_credentials" time="0.766" classname="com.qait.hrisautomation.Hris.HrisAutomationTest"/>
  <testcase name="test2_attempt_login_with_correct_credentials" time="10.02" classname="com.qait.hrisautomation.Hris.HrisAutomationTest"/>
</testsuite> <!-- Default test -->
